{
  "1_-1_0": {
    "oid": "1_-1_0",
    "storage": "file",
    "rank": [
      0
    ],
    "loop_cxt": null,
    "dw": 5,
    "check_filepath_exists": true,
    "filepath": "result2.in",
    "iid": "0",
    "lg_key": -1,
    "dt": "file",
    "nm": "File",
    "reprodata": {
      "rmode": "1",
      "lgt_data": {
        "category_type": "Data",
        "category": "file",
        "streaming": false,
        "merkleroot": "ec0395adcb56d92e134f3d909b6c7eb142c5c038da1bea9e1e8282d0e21e6fe2"
      },
      "lg_parenthashes": [
        "a8c767fe244ebacd1476fafc12094bf3fa854b770139249153f390e64d0c8c43"
      ],
      "lg_data": {
        "merkleroot": null
      },
      "lg_blockhash": "ccd04a3b90d67c9fe50e8fcafd64e8415a5fc9e494c7286217a8ef3b26c419b4",
      "pgt_parenthashes": [
        []
      ],
      "pgt_data": {
        "type": "plain",
        "rank": [
          0
        ],
        "storage": "file",
        "merkleroot": "3e81d4736e5bd14b5cac93ab82b9f467edfdae87d45bb4b0c2a9499c1e598e1d"
      },
      "pgt_blockhash": "ea09200a1ea83e083bbe7507f8e7c36ba77774c855a2b5c4130f9e70b1546a4e",
      "pg_parenthashes": [
        [],
        []
      ],
      "pg_data": {
        "run_data": [
          2
        ],
        "run_merkleroot": "6d1be79de51c1a5846bb0498b7779802710b2452c20e1b65013ad3ebe459f51e",
        "merkleroot": "00fb98236f921a4895691d51fefc916e8bb2c4c51441089fbc684b0dad46c35b"
      },
      "pg_blockhash": "0fcf7ea32bee6ff46f8cc5d625e46a414db490dbc9998ccc9a7d107b1f416dc3"
    },
    "producers": [
      "1_-3_0"
    ],
    "consumers": [
      "1_-4_0"
    ],
    "node": "127.0.0.1",
    "island": "127.0.0.1"
  },
  "1_-2_0": {
    "oid": "1_-2_0",
    "storage": "file",
    "rank": [
      0
    ],
    "loop_cxt": null,
    "dw": 5,
    "check_filepath_exists": true,
    "filepath": "result2.out",
    "iid": "0",
    "lg_key": -2,
    "dt": "file",
    "nm": "File",
    "reprodata": {
      "rmode": "1",
      "lgt_data": {
        "category_type": "Data",
        "category": "file",
        "streaming": false,
        "merkleroot": "ec0395adcb56d92e134f3d909b6c7eb142c5c038da1bea9e1e8282d0e21e6fe2"
      },
      "lg_parenthashes": [
        "4ed6a2a39c0904d3ef81252ff37921f48804b2a34a22401b3d8aa970488e07f5"
      ],
      "lg_data": {
        "merkleroot": null
      },
      "lg_blockhash": "1a784bf69bfe14f82879cd326a499c6e87c69bee73cd9ff0f9634fcd5f361918",
      "pgt_parenthashes": [
        [
          [
            []
          ]
        ]
      ],
      "pgt_data": {
        "type": "plain",
        "rank": [
          0
        ],
        "storage": "file",
        "merkleroot": "3e81d4736e5bd14b5cac93ab82b9f467edfdae87d45bb4b0c2a9499c1e598e1d"
      },
      "pgt_blockhash": "4c5e52565b73df6772a070531ba0050e7821101a5b30b4211a3a8321c8f1893a",
      "pg_parenthashes": [
        [
          [
            []
          ]
        ],
        [
          [
            []
          ],
          [
            [],
            []
          ]
        ]
      ],
      "pg_data": {
        "run_data": [
          2
        ],
        "run_merkleroot": "6d1be79de51c1a5846bb0498b7779802710b2452c20e1b65013ad3ebe459f51e",
        "merkleroot": "00fb98236f921a4895691d51fefc916e8bb2c4c51441089fbc684b0dad46c35b"
      },
      "pg_blockhash": "ae2cb5f4c80e0c078295f27e1d9f87ac6f09972a0b5f7ba18db20343c509d375"
    },
    "producers": [
      "1_-4_0"
    ],
    "node": "127.0.0.1",
    "island": "127.0.0.1"
  },
  "1_-3_0": {
    "oid": "1_-3_0",
    "app": "dlg.apps.bash_shell_app.BashShellApp",
    "rank": [
      0
    ],
    "loop_cxt": null,
    "tw": 5,
    "command": "echo -en 'world' > %o0",
    "num_cpus": 1,
    "iid": "0",
    "lg_key": -3,
    "dt": "BashShellApp",
    "nm": "Bash Shell App",
    "reprodata": {
      "rmode": "1",
      "lgt_data": {
        "category_type": "Application",
        "category": "BashShellApp",
        "streaming": true,
        "merkleroot": "f8b6390dd49c937621c2ac2dba1ea745fe85af78eab71b3a5e9af4f61751936b"
      },
      "lg_parenthashes": [],
      "lg_data": {
        "merkleroot": null
      },
      "lg_blockhash": "a8c767fe244ebacd1476fafc12094bf3fa854b770139249153f390e64d0c8c43",
      "pgt_parenthashes": [],
      "pgt_data": {
        "type": "app",
        "rank": [
          0
        ],
        "app": "dlg.apps.bash_shell_app.BashShellApp",
        "merkleroot": "da04e413e259561f12bf79983b1b77ad72063efe69ace04ff19c84afa7f69d21"
      },
      "pgt_blockhash": "504e718b3dcac8a2ca868b66aa3765940ff4757f33d9b212877115689bb7938e",
      "pg_parenthashes": [],
      "pg_data": {
        "run_data": [
          2
        ],
        "run_merkleroot": "6d1be79de51c1a5846bb0498b7779802710b2452c20e1b65013ad3ebe459f51e",
        "merkleroot": "00fb98236f921a4895691d51fefc916e8bb2c4c51441089fbc684b0dad46c35b"
      },
      "pg_blockhash": "643346aa6b70d30ddba33203eb71554679f06577832df010f79b023e16b95aa6"
    },
    "outputs": [
      "1_-1_0"
    ],
    "node": "127.0.0.1",
    "island": "127.0.0.1"
  },
  "1_-4_0": {
    "oid": "1_-4_0",
    "app": "dlg.apps.bash_shell_app.BashShellApp",
    "rank": [
      0
    ],
    "loop_cxt": null,
    "tw": 5,
    "command": "echo 'Hello' $(<%i0) > %o0",
    "num_cpus": 1,
    "iid": "0",
    "lg_key": -4,
    "dt": "BashShellApp",
    "nm": "Bash Shell App",
    "reprodata": {
      "rmode": "1",
      "lgt_data": {
        "category_type": "Application",
        "category": "BashShellApp",
        "streaming": false,
        "merkleroot": "d52b7bca6c7ee897bff54c321459be59d331c366f54fa9eb9975a781152f9223"
      },
      "lg_parenthashes": [
        "ccd04a3b90d67c9fe50e8fcafd64e8415a5fc9e494c7286217a8ef3b26c419b4"
      ],
      "lg_data": {
        "merkleroot": null
      },
      "lg_blockhash": "4ed6a2a39c0904d3ef81252ff37921f48804b2a34a22401b3d8aa970488e07f5",
      "pgt_parenthashes": [
        [
          []
        ]
      ],
      "pgt_data": {
        "type": "app",
        "rank": [
          0
        ],
        "app": "dlg.apps.bash_shell_app.BashShellApp",
        "merkleroot": "da04e413e259561f12bf79983b1b77ad72063efe69ace04ff19c84afa7f69d21"
      },
      "pgt_blockhash": "2a3445e0ac3f3ccd7476b0f9699ad763958ffd1e87988b238b577d943d9450e9",
      "pg_parenthashes": [
        [
          []
        ],
        [
          [],
          []
        ]
      ],
      "pg_data": {
        "run_data": [
          2
        ],
        "run_merkleroot": "6d1be79de51c1a5846bb0498b7779802710b2452c20e1b65013ad3ebe459f51e",
        "merkleroot": "00fb98236f921a4895691d51fefc916e8bb2c4c51441089fbc684b0dad46c35b"
      },
      "pg_blockhash": "dbc65c5ca48ff113077e6bb3691c8f6edb77650edf9d72bf9598cdb7b7485ee6"
    },
    "inputs": [
      "1_-1_0"
    ],
    "outputs": [
      "1_-2_0"
    ],
    "node": "127.0.0.1",
    "island": "127.0.0.1"
  },
  "reprodata": {
    "rmode": "1",
    "meta_data": {
      "repro_protocol": 0.1,
      "hashing_alg": "_sha3.sha3_256"
    },
    "merkleroot": "36a6a91ac5597edf77861887720d933d2fb6545f2d6aac11ab6e6bac5203f13a",
    "leaves": [
      "ae2cb5f4c80e0c078295f27e1d9f87ac6f09972a0b5f7ba18db20343c509d375"
    ]
  }
}