{
  "1_-5_0/0": {
    "oid": "1_-5_0/0",
    "app": "dlg.apps.simple.SleepApp",
    "rank": [
      0,
      0
    ],
    "loop_cxt": null,
    "sleepTime": "5.",
    "tw": 5,
    "num_cpus": "1",
    "execution_time": "5",
    "group_start": "0",
    "appclass": "dlg.apps.simple.SleepApp",
    "Arg01": "sleepTime=5.",
    "iid": "0/0",
    "lg_key": -5,
    "dt": "PythonApp",
    "nm": "Average in Freq & Time",
    "reprodata": {
      "rmode": "8",
      "lgt_data": {
        "category_type": "Application",
        "category": "PythonApp",
        "numInputPorts": 3,
        "numOutputPorts": 2,
        "streaming": false,
        "merkleroot": "259814742940e45735b1d2eea96a3e8794e031e21e68e1ee292d2419abf95d3c"
      },
      "lg_parenthashes": {
        "-19": "0c30c64ceb3504a5230a050174412b5df89200946935215d33d9e973faad92ef",
        "-12": "b9e7e301a48c8f061a0f9e4aa6398473a48ba9292351dd4d808a7b3a4700c590"
      },
      "lg_data": {
        "execution_time": "5",
        "num_cpus": "1",
        "merkleroot": "8428378d44393f8cc1dab46197e950d728a6f3a7f324df8f0e65242d9fa5c5ce"
      },
      "lg_blockhash": "769e22b1a1f008f973966d630d2671d73c626c958b63877145eabd46889de4ac",
      "pgt_parenthashes": {
        "1_-19_0/0": "394d2a01ca4998d16642dae29d3703d895430d3ac0203abec033c087df7a41e0",
        "1_-12_0/0": "78004469d31e6ef4b966f3509f76b8e39784b8f5b9b8d739fbd2452b8445f38e"
      },
      "pgt_data": {
        "type": "app",
        "dt": "PythonApp",
        "merkleroot": "fe7fb331db91dd57ac5a532b1cdd7f9173aeb53bb1d84920539a78b362b8f11b"
      },
      "pgt_blockhash": "8872e0744c34f30a6dd59a95666f9065a62c0ce5fbc20b01b82b379d93bfe9d6",
      "pg_parenthashes": {
        "1_-19_0/0": "0f6355b945b62c7cc5728a43dd63de0dfa446a3a98f4def3e42cc563be194394",
        "1_-12_0/0": "68d912b15814ebaca89eb2d9cf004811cfc84e8a0e2b409724d04e1538e513b2"
      },
      "pg_data": {
        "merkleroot": null
      },
      "pg_blockhash": "9cabf0b86917a0842f1606888128d275cbaf5ee06af77dc2124ba13d95858ab9",
      "rg_data": {
        "status": 2,
        "merkleroot": "689fcf0d74c42200bef177db545adc43c135dfb0d7dc85b166db3af1dcded235"
      },
      "rg_parenthashes": {
        "1_-19_0/0": "80959bc63429cb5b4d8f428bedee721d7d80c76317a783ac632131610a979e84",
        "1_-12_0/0": "e1505df68acb458ff124152af19e64d9a1745e7a40d857f7b05688be56b3fbe9"
      },
      "rg_blockhash": "3ff10a6dd0b97fc06aad10d342657346de9441d9db50254bfb56780dca5dc9d4"
    },
    "outputs": [
      "1_-10_0/0"
    ],
    "inputs": [
      "1_-12_0/0",
      "1_-19_0/0"
    ],
    "node": "127.0.0.1",
    "island": "127.0.0.1"
  },
  "1_-22_0/0": {
    "oid": "1_-22_0/0",
    "app": "dlg.apps.simple.SleepApp",
    "rank": [
      0,
      0
    ],
    "loop_cxt": null,
    "sleepTime": 5,
    "tw": 5,
    "num_cpus": "1",
    "execution_time": "5",
    "group_start": "0",
    "appclass": "dlg.apps.simple.SleepApp",
    "iid": "0/0",
    "lg_key": -22,
    "dt": "PythonApp",
    "nm": "Apply Inversion",
    "reprodata": {
      "rmode": "8",
      "lgt_data": {
        "category_type": "Application",
        "category": "PythonApp",
        "numInputPorts": 3,
        "numOutputPorts": 1,
        "streaming": false,
        "merkleroot": "28215ec59a31411d4a2b11cc099fbc76a23b8bf9b2fd257393317cc90e6c209a"
      },
      "lg_parenthashes": {
        "-19": "0c30c64ceb3504a5230a050174412b5df89200946935215d33d9e973faad92ef",
        "-9": "ecdba73f003630068cb55849ad52db95b1b49ecae16bf4df42ceb815cec8619f",
        "-10": "a905ecf79fd599deb030a2d1a11e0de669cfe997adb0cb2de5cd566222c4ab27"
      },
      "lg_data": {
        "execution_time": "5",
        "num_cpus": "1",
        "merkleroot": "8428378d44393f8cc1dab46197e950d728a6f3a7f324df8f0e65242d9fa5c5ce"
      },
      "lg_blockhash": "b2f4337e57c3d8e47fd6cee3c2ac26487c996cb40075bd2b3c3f82d553950a3f",
      "pgt_parenthashes": {
        "1_-19_0/0": "394d2a01ca4998d16642dae29d3703d895430d3ac0203abec033c087df7a41e0",
        "1_-9_0/0": "a061d645e9951f8eddd98e56e732b52cab3b260273ad24d2e4934136c1c01424",
        "1_-10_0/0": "c77b228b82066fbb4abf5bf0bc2468eace7f33955ee3e516dce9323ee5b40daa"
      },
      "pgt_data": {
        "type": "app",
        "dt": "PythonApp",
        "merkleroot": "fe7fb331db91dd57ac5a532b1cdd7f9173aeb53bb1d84920539a78b362b8f11b"
      },
      "pgt_blockhash": "fe42587f87104ffa8e67046f95d36612016df24b6b6c63d006cd11062e52d482",
      "pg_parenthashes": {
        "1_-19_0/0": "0f6355b945b62c7cc5728a43dd63de0dfa446a3a98f4def3e42cc563be194394",
        "1_-9_0/0": "e7fefee3ad485429a0740af74f60ed8ca5ceff06da2aa4854ac14fa4cdfc30e9",
        "1_-10_0/0": "db621c1574d20337ce269da0db00931a270d2c3aed61d27c50b34ee5d6193158"
      },
      "pg_data": {
        "merkleroot": null
      },
      "pg_blockhash": "263c344b2fe8c50b28c0ee0e21ea5116d17e6f5a2509386fd89b5cbf9f00a351",
      "rg_data": {
        "status": 2,
        "merkleroot": "689fcf0d74c42200bef177db545adc43c135dfb0d7dc85b166db3af1dcded235"
      },
      "rg_parenthashes": {
        "1_-19_0/0": "80959bc63429cb5b4d8f428bedee721d7d80c76317a783ac632131610a979e84",
        "1_-9_0/0": "02cd2819dc8234b257ab46d910055c56489f2dd189abe025ecc0696c1edc2458",
        "1_-10_0/0": "d542a129c1295aa44e716e5270ee633ee34ed5ca1d041c82a5d7683a335d633b"
      },
      "rg_blockhash": "ae501c013c30b8b1fd176a445b0a6b9ec2ad20f292ce7e027bb7f1e8a0517b38"
    },
    "inputs": [
      "1_-10_0/0",
      "1_-9_0/0",
      "1_-19_0/0"
    ],
    "outputs": [
      "1_-14_0/0"
    ],
    "node": "127.0.0.1",
    "island": "127.0.0.1"
  },
  "1_-2_0/0": {
    "oid": "1_-2_0/0",
    "app": "dlg.apps.simple.SleepApp",
    "rank": [
      0,
      0
    ],
    "loop_cxt": null,
    "sleepTime": 5,
    "tw": 5,
    "num_cpus": "1",
    "execution_time": "5",
    "group_start": "0",
    "appclass": "dlg.apps.simple.SleepApp",
    "iid": "0/0",
    "lg_key": -2,
    "dt": "PythonApp",
    "nm": "Calculate Cal Matrix",
    "reprodata": {
      "rmode": "8",
      "lgt_data": {
        "category_type": "Application",
        "category": "PythonApp",
        "numInputPorts": 4,
        "numOutputPorts": 1,
        "streaming": false,
        "merkleroot": "3ddf0badecf66ba5fb7a9edec0e046f7a644e2c1f97a116b3f66003e1f803691"
      },
      "lg_parenthashes": {
        "-19": "0c30c64ceb3504a5230a050174412b5df89200946935215d33d9e973faad92ef",
        "-4": "249be6494c78b02320b3740cf4b6eca2ce5eea4e5ce23d8b98dd737f5de36887"
      },
      "lg_data": {
        "execution_time": "5",
        "num_cpus": "1",
        "merkleroot": "8428378d44393f8cc1dab46197e950d728a6f3a7f324df8f0e65242d9fa5c5ce"
      },
      "lg_blockhash": "16de968c669c760e1a7d906156ea24ad3ee90f0bf5d8e469b9a01fa6d68a9e9b",
      "pgt_parenthashes": {
        "1_-19_0/0": "394d2a01ca4998d16642dae29d3703d895430d3ac0203abec033c087df7a41e0"
      },
      "pgt_data": {
        "type": "app",
        "dt": "PythonApp",
        "merkleroot": "fe7fb331db91dd57ac5a532b1cdd7f9173aeb53bb1d84920539a78b362b8f11b"
      },
      "pgt_blockhash": "c2ca61d1c37ff0bd2d139e249f6bdbe1d66759b5b6cb214700ca9950b2c7ee60",
      "pg_parenthashes": {
        "1_-19_0/0": "0f6355b945b62c7cc5728a43dd63de0dfa446a3a98f4def3e42cc563be194394"
      },
      "pg_data": {
        "merkleroot": null
      },
      "pg_blockhash": "cccf0f92211800f67f0f21d2fb775f0ea75f1dbe7a59dd2bd4607c9dd204e64e",
      "rg_data": {
        "status": 2,
        "merkleroot": "689fcf0d74c42200bef177db545adc43c135dfb0d7dc85b166db3af1dcded235"
      },
      "rg_parenthashes": {
        "1_-19_0/0": "80959bc63429cb5b4d8f428bedee721d7d80c76317a783ac632131610a979e84"
      },
      "rg_blockhash": "f76299fcc5b00ddc1b9da2b7183f0149dd4e392c286ca9619272c07b41b0b93b"
    },
    "outputs": [
      "1_-9_0/0"
    ],
    "inputs": [
      "1_-4_0",
      "1_-19_0/0"
    ],
    "node": "127.0.0.1",
    "island": "127.0.0.1"
  },
  "1_-1_0/0": {
    "oid": "1_-1_0/0",
    "app": "dlg.apps.simple.SleepApp",
    "rank": [
      0,
      0
    ],
    "loop_cxt": null,
    "sleepTime": 5,
    "tw": 5,
    "num_cpus": "1",
    "execution_time": "5",
    "group_start": "0",
    "appclass": "dlg.apps.simple.SleepApp",
    "iid": "0/0",
    "lg_key": -1,
    "dt": "PythonApp",
    "nm": "Phase Rotate Data",
    "reprodata": {
      "rmode": "8",
      "lgt_data": {
        "category_type": "Application",
        "category": "PythonApp",
        "numInputPorts": 3,
        "numOutputPorts": 1,
        "streaming": false,
        "merkleroot": "28215ec59a31411d4a2b11cc099fbc76a23b8bf9b2fd257393317cc90e6c209a"
      },
      "lg_parenthashes": {
        "-19": "0c30c64ceb3504a5230a050174412b5df89200946935215d33d9e973faad92ef",
        "-4": "249be6494c78b02320b3740cf4b6eca2ce5eea4e5ce23d8b98dd737f5de36887",
        "-6": "80fae9b919025a9a74d27a979333bd806016fea36ba7d95dbf037343304808a6"
      },
      "lg_data": {
        "execution_time": "5",
        "num_cpus": "1",
        "merkleroot": "8428378d44393f8cc1dab46197e950d728a6f3a7f324df8f0e65242d9fa5c5ce"
      },
      "lg_blockhash": "41bb166550cd96ff4b160185f5f389c2a8e819b6fbaf5c24e38f044b1ae19ed9",
      "pgt_parenthashes": {
        "1_-19_0/0": "394d2a01ca4998d16642dae29d3703d895430d3ac0203abec033c087df7a41e0",
        "1_-6_0/0": "442e95f8169ceb9a54757099ce06b6dd98962a3fc738cf60cd7cfb293ad47674"
      },
      "pgt_data": {
        "type": "app",
        "dt": "PythonApp",
        "merkleroot": "fe7fb331db91dd57ac5a532b1cdd7f9173aeb53bb1d84920539a78b362b8f11b"
      },
      "pgt_blockhash": "d30bea9f1b5c8860a8e843ed86a3978058922c95cccd084ceb41991be7cf1a47",
      "pg_parenthashes": {
        "1_-19_0/0": "0f6355b945b62c7cc5728a43dd63de0dfa446a3a98f4def3e42cc563be194394",
        "1_-6_0/0": "a62fc9334c10776d9dedae5388261fa5d132e44914cbde47cff4d3a4a9f04ea4"
      },
      "pg_data": {
        "merkleroot": null
      },
      "pg_blockhash": "799fae67cebfb2f15018b26050d003c1a3f94d0a73335a24cbe05f0af9703ed4",
      "rg_data": {
        "status": 2,
        "merkleroot": "689fcf0d74c42200bef177db545adc43c135dfb0d7dc85b166db3af1dcded235"
      },
      "rg_parenthashes": {
        "1_-19_0/0": "80959bc63429cb5b4d8f428bedee721d7d80c76317a783ac632131610a979e84",
        "1_-6_0/0": "427171d4011fa7b1a9232ca935aec64de500902019acfff42d947ff2a0221315"
      },
      "rg_blockhash": "f0cd5fa427e99114de158bcb8685ad6ddbb6627ab34f375d1cbde76e435a6c96"
    },
    "inputs": [
      "1_-4_0",
      "1_-6_0/0",
      "1_-19_0/0"
    ],
    "outputs": [
      "1_-12_0/0"
    ],
    "node": "127.0.0.1",
    "island": "127.0.0.1"
  },
  "1_-3_0/0": {
    "oid": "1_-3_0/0",
    "app": "dlg.apps.simple.SleepApp",
    "rank": [
      0,
      0
    ],
    "loop_cxt": null,
    "sleepTime": 5,
    "tw": 5,
    "num_cpus": "1",
    "execution_time": "5",
    "group_start": "0",
    "appclass": "dlg.apps.simple.SleepApp",
    "iid": "0/0",
    "lg_key": -3,
    "dt": "PythonApp",
    "nm": "Calc DD Rotation",
    "reprodata": {
      "rmode": "8",
      "lgt_data": {
        "category_type": "Application",
        "category": "PythonApp",
        "numInputPorts": 3,
        "numOutputPorts": 1,
        "streaming": false,
        "merkleroot": "28215ec59a31411d4a2b11cc099fbc76a23b8bf9b2fd257393317cc90e6c209a"
      },
      "lg_parenthashes": {
        "-19": "0c30c64ceb3504a5230a050174412b5df89200946935215d33d9e973faad92ef",
        "-8": "0c30c64ceb3504a5230a050174412b5df89200946935215d33d9e973faad92ef",
        "-4": "249be6494c78b02320b3740cf4b6eca2ce5eea4e5ce23d8b98dd737f5de36887"
      },
      "lg_data": {
        "execution_time": "5",
        "num_cpus": "1",
        "merkleroot": "8428378d44393f8cc1dab46197e950d728a6f3a7f324df8f0e65242d9fa5c5ce"
      },
      "lg_blockhash": "25b7b4e3c3159dac3f06d8dec760e3f7e42c44eb492fc04186610464b4614d7d",
      "pgt_parenthashes": {
        "1_-19_0/0": "394d2a01ca4998d16642dae29d3703d895430d3ac0203abec033c087df7a41e0",
        "1_-8_0/0": "394d2a01ca4998d16642dae29d3703d895430d3ac0203abec033c087df7a41e0"
      },
      "pgt_data": {
        "type": "app",
        "dt": "PythonApp",
        "merkleroot": "fe7fb331db91dd57ac5a532b1cdd7f9173aeb53bb1d84920539a78b362b8f11b"
      },
      "pgt_blockhash": "b4f498b23deb0bc13e0d658b0c91b485d2252855590c760124a7426661114007",
      "pg_parenthashes": {
        "1_-19_0/0": "0f6355b945b62c7cc5728a43dd63de0dfa446a3a98f4def3e42cc563be194394",
        "1_-8_0/0": "0f6355b945b62c7cc5728a43dd63de0dfa446a3a98f4def3e42cc563be194394"
      },
      "pg_data": {
        "merkleroot": null
      },
      "pg_blockhash": "cc1a873ae7d9cda51adc3dd2f0c2ab9d6d78abe7e4febf334b801e49c728f3ed",
      "rg_data": {
        "status": 2,
        "merkleroot": "689fcf0d74c42200bef177db545adc43c135dfb0d7dc85b166db3af1dcded235"
      },
      "rg_parenthashes": {
        "1_-19_0/0": "80959bc63429cb5b4d8f428bedee721d7d80c76317a783ac632131610a979e84",
        "1_-8_0/0": "80959bc63429cb5b4d8f428bedee721d7d80c76317a783ac632131610a979e84"
      },
      "rg_blockhash": "e295d5aee0191197056cee6ed5f896b8207fc4f159e2c9fc41587fcefe4fc548"
    },
    "outputs": [
      "1_-6_0/0"
    ],
    "inputs": [
      "1_-4_0",
      "1_-8_0/0",
      "1_-19_0/0"
    ],
    "node": "127.0.0.1",
    "island": "127.0.0.1"
  },
  "1_-9_0/0": {
    "oid": "1_-9_0/0",
    "storage": "Memory",
    "rank": [
      0,
      0
    ],
    "loop_cxt": null,
    "dw": 5,
    "data_volume": "5",
    "group_end": "0",
    "iid": "0/0",
    "lg_key": -9,
    "dt": "Memory",
    "nm": "CalMatrix",
    "reprodata": {
      "rmode": "8",
      "lgt_data": {
        "category_type": "Data",
        "category": "Memory",
        "numInputPorts": 1,
        "numOutputPorts": 1,
        "streaming": false,
        "merkleroot": "c47a10d8081f121ae692f50aa602efdbe2b9f6d6c9e155a41330cde32392f42d"
      },
      "lg_parenthashes": {
        "-2": "16de968c669c760e1a7d906156ea24ad3ee90f0bf5d8e469b9a01fa6d68a9e9b"
      },
      "lg_data": {
        "data_volume": "5",
        "merkleroot": "5aa5cea2c967aa3f8492cd996dee79a80a3a16a9bdae6170e5b3c7f9d9671d2e"
      },
      "lg_blockhash": "ecdba73f003630068cb55849ad52db95b1b49ecae16bf4df42ceb815cec8619f",
      "pgt_parenthashes": {
        "1_-2_0/0": "c2ca61d1c37ff0bd2d139e249f6bdbe1d66759b5b6cb214700ca9950b2c7ee60"
      },
      "pgt_data": {
        "type": "plain",
        "storage": "Memory",
        "merkleroot": "6ac9192343696189b459fd7e71186ad0ffa3c254d0978db1f8aad8fac3e220ec"
      },
      "pgt_blockhash": "a061d645e9951f8eddd98e56e732b52cab3b260273ad24d2e4934136c1c01424",
      "pg_parenthashes": {
        "1_-2_0/0": "cccf0f92211800f67f0f21d2fb775f0ea75f1dbe7a59dd2bd4607c9dd204e64e"
      },
      "pg_data": {
        "merkleroot": null
      },
      "pg_blockhash": "e7fefee3ad485429a0740af74f60ed8ca5ceff06da2aa4854ac14fa4cdfc30e9",
      "rg_data": {
        "status": 2,
        "data_hash": "a7ffc6f8bf1ed76651c14756a061d662f580ff4de43b49fa82d80a4b80f8434a",
        "merkleroot": "2a1e5ba2658dfb29529479729918edfd64bbdf9c0b50360cd633aecefa834b5f"
      },
      "rg_parenthashes": {
        "1_-2_0/0": "f76299fcc5b00ddc1b9da2b7183f0149dd4e392c286ca9619272c07b41b0b93b"
      },
      "rg_blockhash": "02cd2819dc8234b257ab46d910055c56489f2dd189abe025ecc0696c1edc2458"
    },
    "producers": [
      "1_-2_0/0"
    ],
    "consumers": [
      "1_-22_0/0"
    ],
    "node": "127.0.0.1",
    "island": "127.0.0.1"
  },
  "1_-10_0/0": {
    "oid": "1_-10_0/0",
    "storage": "Memory",
    "rank": [
      0,
      0
    ],
    "loop_cxt": null,
    "dw": 5,
    "data_volume": "5",
    "group_end": "0",
    "iid": "0/0",
    "lg_key": -10,
    "dt": "Memory",
    "nm": "avgRotData",
    "reprodata": {
      "rmode": "8",
      "lgt_data": {
        "category_type": "Data",
        "category": "Memory",
        "numInputPorts": 1,
        "numOutputPorts": 1,
        "streaming": false,
        "merkleroot": "c47a10d8081f121ae692f50aa602efdbe2b9f6d6c9e155a41330cde32392f42d"
      },
      "lg_parenthashes": {
        "-5": "769e22b1a1f008f973966d630d2671d73c626c958b63877145eabd46889de4ac"
      },
      "lg_data": {
        "data_volume": "5",
        "merkleroot": "5aa5cea2c967aa3f8492cd996dee79a80a3a16a9bdae6170e5b3c7f9d9671d2e"
      },
      "lg_blockhash": "a905ecf79fd599deb030a2d1a11e0de669cfe997adb0cb2de5cd566222c4ab27",
      "pgt_parenthashes": {
        "1_-5_0/0": "8872e0744c34f30a6dd59a95666f9065a62c0ce5fbc20b01b82b379d93bfe9d6"
      },
      "pgt_data": {
        "type": "plain",
        "storage": "Memory",
        "merkleroot": "6ac9192343696189b459fd7e71186ad0ffa3c254d0978db1f8aad8fac3e220ec"
      },
      "pgt_blockhash": "c77b228b82066fbb4abf5bf0bc2468eace7f33955ee3e516dce9323ee5b40daa",
      "pg_parenthashes": {
        "1_-5_0/0": "9cabf0b86917a0842f1606888128d275cbaf5ee06af77dc2124ba13d95858ab9"
      },
      "pg_data": {
        "merkleroot": null
      },
      "pg_blockhash": "db621c1574d20337ce269da0db00931a270d2c3aed61d27c50b34ee5d6193158",
      "rg_data": {
        "status": 2,
        "data_hash": "a7ffc6f8bf1ed76651c14756a061d662f580ff4de43b49fa82d80a4b80f8434a",
        "merkleroot": "2a1e5ba2658dfb29529479729918edfd64bbdf9c0b50360cd633aecefa834b5f"
      },
      "rg_parenthashes": {
        "1_-5_0/0": "3ff10a6dd0b97fc06aad10d342657346de9441d9db50254bfb56780dca5dc9d4"
      },
      "rg_blockhash": "d542a129c1295aa44e716e5270ee633ee34ed5ca1d041c82a5d7683a335d633b"
    },
    "producers": [
      "1_-5_0/0"
    ],
    "consumers": [
      "1_-22_0/0"
    ],
    "node": "127.0.0.1",
    "island": "127.0.0.1"
  },
  "1_-12_0/0": {
    "oid": "1_-12_0/0",
    "storage": "Memory",
    "rank": [
      0,
      0
    ],
    "loop_cxt": null,
    "dw": 5,
    "data_volume": "5",
    "group_end": "0",
    "iid": "0/0",
    "lg_key": -12,
    "dt": "Memory",
    "nm": "rotData",
    "reprodata": {
      "rmode": "8",
      "lgt_data": {
        "category_type": "Data",
        "category": "Memory",
        "numInputPorts": 1,
        "numOutputPorts": 1,
        "streaming": false,
        "merkleroot": "c47a10d8081f121ae692f50aa602efdbe2b9f6d6c9e155a41330cde32392f42d"
      },
      "lg_parenthashes": {
        "-1": "41bb166550cd96ff4b160185f5f389c2a8e819b6fbaf5c24e38f044b1ae19ed9"
      },
      "lg_data": {
        "data_volume": "5",
        "merkleroot": "5aa5cea2c967aa3f8492cd996dee79a80a3a16a9bdae6170e5b3c7f9d9671d2e"
      },
      "lg_blockhash": "b9e7e301a48c8f061a0f9e4aa6398473a48ba9292351dd4d808a7b3a4700c590",
      "pgt_parenthashes": {
        "1_-1_0/0": "d30bea9f1b5c8860a8e843ed86a3978058922c95cccd084ceb41991be7cf1a47"
      },
      "pgt_data": {
        "type": "plain",
        "storage": "Memory",
        "merkleroot": "6ac9192343696189b459fd7e71186ad0ffa3c254d0978db1f8aad8fac3e220ec"
      },
      "pgt_blockhash": "78004469d31e6ef4b966f3509f76b8e39784b8f5b9b8d739fbd2452b8445f38e",
      "pg_parenthashes": {
        "1_-1_0/0": "799fae67cebfb2f15018b26050d003c1a3f94d0a73335a24cbe05f0af9703ed4"
      },
      "pg_data": {
        "merkleroot": null
      },
      "pg_blockhash": "68d912b15814ebaca89eb2d9cf004811cfc84e8a0e2b409724d04e1538e513b2",
      "rg_data": {
        "status": 2,
        "data_hash": "a7ffc6f8bf1ed76651c14756a061d662f580ff4de43b49fa82d80a4b80f8434a",
        "merkleroot": "2a1e5ba2658dfb29529479729918edfd64bbdf9c0b50360cd633aecefa834b5f"
      },
      "rg_parenthashes": {
        "1_-1_0/0": "f0cd5fa427e99114de158bcb8685ad6ddbb6627ab34f375d1cbde76e435a6c96"
      },
      "rg_blockhash": "e1505df68acb458ff124152af19e64d9a1745e7a40d857f7b05688be56b3fbe9"
    },
    "consumers": [
      "1_-5_0/0"
    ],
    "producers": [
      "1_-1_0/0"
    ],
    "node": "127.0.0.1",
    "island": "127.0.0.1"
  },
  "1_-14_0/0": {
    "oid": "1_-14_0/0",
    "storage": "Memory",
    "rank": [
      0,
      0
    ],
    "loop_cxt": null,
    "dw": 5,
    "data_volume": "5",
    "group_end": "0",
    "iid": "0/0",
    "lg_key": -14,
    "dt": "Memory",
    "nm": "solution",
    "reprodata": {
      "rmode": "8",
      "lgt_data": {
        "category_type": "Data",
        "category": "Memory",
        "numInputPorts": 1,
        "numOutputPorts": 1,
        "streaming": false,
        "merkleroot": "c47a10d8081f121ae692f50aa602efdbe2b9f6d6c9e155a41330cde32392f42d"
      },
      "lg_parenthashes": {
        "-22": "b2f4337e57c3d8e47fd6cee3c2ac26487c996cb40075bd2b3c3f82d553950a3f"
      },
      "lg_data": {
        "data_volume": "5",
        "merkleroot": "5aa5cea2c967aa3f8492cd996dee79a80a3a16a9bdae6170e5b3c7f9d9671d2e"
      },
      "lg_blockhash": "a01dba0298069122361714e25b66d53a829617bb1290bf416999d380a02d8150",
      "pgt_parenthashes": {
        "1_-22_0/0": "fe42587f87104ffa8e67046f95d36612016df24b6b6c63d006cd11062e52d482"
      },
      "pgt_data": {
        "type": "plain",
        "storage": "Memory",
        "merkleroot": "6ac9192343696189b459fd7e71186ad0ffa3c254d0978db1f8aad8fac3e220ec"
      },
      "pgt_blockhash": "00c71836fc206ee359a3f593e9d57644d610a6897680ca841026f2fe4a6b1a18",
      "pg_parenthashes": {
        "1_-22_0/0": "263c344b2fe8c50b28c0ee0e21ea5116d17e6f5a2509386fd89b5cbf9f00a351"
      },
      "pg_data": {
        "merkleroot": null
      },
      "pg_blockhash": "9bdc0e0957e586ece5e290f4a4d677518b9e884ac4b107de83c7ddbb8b77fad6",
      "rg_data": {
        "status": 2,
        "data_hash": "a7ffc6f8bf1ed76651c14756a061d662f580ff4de43b49fa82d80a4b80f8434a",
        "merkleroot": "2a1e5ba2658dfb29529479729918edfd64bbdf9c0b50360cd633aecefa834b5f"
      },
      "rg_parenthashes": {
        "1_-22_0/0": "ae501c013c30b8b1fd176a445b0a6b9ec2ad20f292ce7e027bb7f1e8a0517b38"
      },
      "rg_blockhash": "6c777658eafd20bf3e4c64d98182747894f065977397ab98090566f7e5af1811"
    },
    "producers": [
      "1_-22_0/0"
    ],
    "consumers": [
      "1_-13_0/0"
    ],
    "node": "127.0.0.1",
    "island": "127.0.0.1"
  },
  "1_-6_0/0": {
    "oid": "1_-6_0/0",
    "storage": "Memory",
    "rank": [
      0,
      0
    ],
    "loop_cxt": null,
    "dw": 5,
    "data_volume": "5",
    "group_end": "0",
    "iid": "0/0",
    "lg_key": -6,
    "dt": "Memory",
    "nm": "rotMatrix",
    "reprodata": {
      "rmode": "8",
      "lgt_data": {
        "category_type": "Data",
        "category": "Memory",
        "numInputPorts": 1,
        "numOutputPorts": 1,
        "streaming": false,
        "merkleroot": "c47a10d8081f121ae692f50aa602efdbe2b9f6d6c9e155a41330cde32392f42d"
      },
      "lg_parenthashes": {
        "-3": "25b7b4e3c3159dac3f06d8dec760e3f7e42c44eb492fc04186610464b4614d7d"
      },
      "lg_data": {
        "data_volume": "5",
        "merkleroot": "5aa5cea2c967aa3f8492cd996dee79a80a3a16a9bdae6170e5b3c7f9d9671d2e"
      },
      "lg_blockhash": "80fae9b919025a9a74d27a979333bd806016fea36ba7d95dbf037343304808a6",
      "pgt_parenthashes": {
        "1_-3_0/0": "b4f498b23deb0bc13e0d658b0c91b485d2252855590c760124a7426661114007"
      },
      "pgt_data": {
        "type": "plain",
        "storage": "Memory",
        "merkleroot": "6ac9192343696189b459fd7e71186ad0ffa3c254d0978db1f8aad8fac3e220ec"
      },
      "pgt_blockhash": "442e95f8169ceb9a54757099ce06b6dd98962a3fc738cf60cd7cfb293ad47674",
      "pg_parenthashes": {
        "1_-3_0/0": "cc1a873ae7d9cda51adc3dd2f0c2ab9d6d78abe7e4febf334b801e49c728f3ed"
      },
      "pg_data": {
        "merkleroot": null
      },
      "pg_blockhash": "a62fc9334c10776d9dedae5388261fa5d132e44914cbde47cff4d3a4a9f04ea4",
      "rg_data": {
        "status": 2,
        "data_hash": "a7ffc6f8bf1ed76651c14756a061d662f580ff4de43b49fa82d80a4b80f8434a",
        "merkleroot": "2a1e5ba2658dfb29529479729918edfd64bbdf9c0b50360cd633aecefa834b5f"
      },
      "rg_parenthashes": {
        "1_-3_0/0": "e295d5aee0191197056cee6ed5f896b8207fc4f159e2c9fc41587fcefe4fc548"
      },
      "rg_blockhash": "427171d4011fa7b1a9232ca935aec64de500902019acfff42d947ff2a0221315"
    },
    "producers": [
      "1_-3_0/0"
    ],
    "consumers": [
      "1_-1_0/0"
    ],
    "node": "127.0.0.1",
    "island": "127.0.0.1"
  },
  "1_-8_0/0": {
    "oid": "1_-8_0/0",
    "storage": "Memory",
    "rank": [
      0,
      0
    ],
    "loop_cxt": null,
    "dw": 5,
    "data_volume": "5",
    "group_end": "0",
    "iid": "0/0",
    "lg_key": -8,
    "dt": "Memory",
    "nm": "direction",
    "reprodata": {
      "rmode": "8",
      "lgt_data": {
        "category_type": "Data",
        "category": "Memory",
        "numInputPorts": 1,
        "numOutputPorts": 1,
        "streaming": false,
        "merkleroot": "c47a10d8081f121ae692f50aa602efdbe2b9f6d6c9e155a41330cde32392f42d"
      },
      "lg_parenthashes": {},
      "lg_data": {
        "data_volume": "5",
        "merkleroot": "5aa5cea2c967aa3f8492cd996dee79a80a3a16a9bdae6170e5b3c7f9d9671d2e"
      },
      "lg_blockhash": "0c30c64ceb3504a5230a050174412b5df89200946935215d33d9e973faad92ef",
      "pgt_parenthashes": {},
      "pgt_data": {
        "type": "plain",
        "storage": "Memory",
        "merkleroot": "6ac9192343696189b459fd7e71186ad0ffa3c254d0978db1f8aad8fac3e220ec"
      },
      "pgt_blockhash": "394d2a01ca4998d16642dae29d3703d895430d3ac0203abec033c087df7a41e0",
      "pg_parenthashes": {},
      "pg_data": {
        "merkleroot": null
      },
      "pg_blockhash": "0f6355b945b62c7cc5728a43dd63de0dfa446a3a98f4def3e42cc563be194394",
      "rg_data": {
        "status": 2,
        "data_hash": "a7ffc6f8bf1ed76651c14756a061d662f580ff4de43b49fa82d80a4b80f8434a",
        "merkleroot": "2a1e5ba2658dfb29529479729918edfd64bbdf9c0b50360cd633aecefa834b5f"
      },
      "rg_parenthashes": {},
      "rg_blockhash": "80959bc63429cb5b4d8f428bedee721d7d80c76317a783ac632131610a979e84"
    },
    "consumers": [
      "1_-3_0/0"
    ],
    "node": "127.0.0.1",
    "island": "127.0.0.1"
  },
  "1_-19_0/0": {
    "oid": "1_-19_0/0",
    "storage": "Memory",
    "rank": [
      0,
      0
    ],
    "loop_cxt": null,
    "dw": 5,
    "data_volume": "5",
    "group_end": "0",
    "iid": "0/0",
    "lg_key": -19,
    "dt": "Memory",
    "nm": "config",
    "reprodata": {
      "rmode": "8",
      "lgt_data": {
        "category_type": "Data",
        "category": "Memory",
        "numInputPorts": 1,
        "numOutputPorts": 1,
        "streaming": false,
        "merkleroot": "c47a10d8081f121ae692f50aa602efdbe2b9f6d6c9e155a41330cde32392f42d"
      },
      "lg_parenthashes": {},
      "lg_data": {
        "data_volume": "5",
        "merkleroot": "5aa5cea2c967aa3f8492cd996dee79a80a3a16a9bdae6170e5b3c7f9d9671d2e"
      },
      "lg_blockhash": "0c30c64ceb3504a5230a050174412b5df89200946935215d33d9e973faad92ef",
      "pgt_parenthashes": {},
      "pgt_data": {
        "type": "plain",
        "storage": "Memory",
        "merkleroot": "6ac9192343696189b459fd7e71186ad0ffa3c254d0978db1f8aad8fac3e220ec"
      },
      "pgt_blockhash": "394d2a01ca4998d16642dae29d3703d895430d3ac0203abec033c087df7a41e0",
      "pg_parenthashes": {},
      "pg_data": {
        "merkleroot": null
      },
      "pg_blockhash": "0f6355b945b62c7cc5728a43dd63de0dfa446a3a98f4def3e42cc563be194394",
      "rg_data": {
        "status": 2,
        "data_hash": "a7ffc6f8bf1ed76651c14756a061d662f580ff4de43b49fa82d80a4b80f8434a",
        "merkleroot": "2a1e5ba2658dfb29529479729918edfd64bbdf9c0b50360cd633aecefa834b5f"
      },
      "rg_parenthashes": {},
      "rg_blockhash": "80959bc63429cb5b4d8f428bedee721d7d80c76317a783ac632131610a979e84"
    },
    "consumers": [
      "1_-3_0/0",
      "1_-5_0/0",
      "1_-22_0/0",
      "1_-1_0/0",
      "1_-2_0/0"
    ],
    "node": "127.0.0.1",
    "island": "127.0.0.1"
  },
  "1_-16_0/0": {
    "oid": "1_-16_0/0",
    "storage": "File",
    "rank": [
      0,
      0
    ],
    "loop_cxt": null,
    "dw": 5,
    "check_filepath_exists": "1",
    "filepath": "/var/dlg_home/leaptest/calTable.out",
    "data_volume": "5",
    "group_end": "0",
    "dirname": "",
    "iid": "0/0",
    "lg_key": -16,
    "dt": "File",
    "nm": "CalTable",
    "reprodata": {
      "rmode": "8",
      "lgt_data": {
        "category_type": "Data",
        "category": "File",
        "numInputPorts": 1,
        "numOutputPorts": 1,
        "streaming": false,
        "merkleroot": "b5aa98d04984e4fc7a5790b85e6f1a5381e90b91018daeaa46470ebca4362e2d"
      },
      "lg_parenthashes": {},
      "lg_data": {
        "data_volume": "5",
        "check_filepath_exists": "1",
        "merkleroot": "835dcfae47784746386b3f91cb8ce6f6410fb857a498cee07b3c6477b0546c96"
      },
      "lg_blockhash": "abcd535c0b34ed3d5c67864238cbee81c8342ec143d5737caac65f3faea012e4",
      "pgt_parenthashes": {},
      "pgt_data": {
        "type": "plain",
        "storage": "File",
        "merkleroot": "ac4b69fa6dd5a7a3180d694714490c63e9b34f2a3a706ad80733cd43640160ce"
      },
      "pgt_blockhash": "6762d1f3c124760f7f2fa1330a811b94d51eb82d6bd21ea3efd28b74241a2c86",
      "pg_parenthashes": {},
      "pg_data": {
        "merkleroot": null
      },
      "pg_blockhash": "c669c5381437499090120595866444f6ad27a5f0728c5196c6f1a5896776670d",
      "rg_data": {
        "status": 2,
        "data_hash": "a7ffc6f8bf1ed76651c14756a061d662f580ff4de43b49fa82d80a4b80f8434a",
        "merkleroot": "2a1e5ba2658dfb29529479729918edfd64bbdf9c0b50360cd633aecefa834b5f"
      },
      "rg_parenthashes": {},
      "rg_blockhash": "f1ada1aaa92559e2ffd86d1f9845f34aca54c85901b6156cb0d7822ce98b034e"
    },
    "node": "127.0.0.1",
    "island": "127.0.0.1"
  },
  "1_-13_0/0": {
    "oid": "1_-13_0/0",
    "app": "dlg.apps.simple.SleepApp",
    "rank": [
      0,
      0
    ],
    "loop_cxt": null,
    "sleepTime": 5,
    "tw": 5,
    "num_cpus": 1,
    "iid": "0/0",
    "lg_key": -13,
    "dt": "PythonApp",
    "nm": "CalTableWriter",
    "reprodata": {
      "rmode": "8",
      "lgt_data": {
        "category_type": "Group",
        "category": "Gather",
        "numInputPorts": 1,
        "numOutputPorts": 0,
        "streaming": false,
        "merkleroot": "42a522615e82afb7fcd357be902d4cab71bb08610bc1bb6d3724f1aa64362435"
      },
      "lg_parenthashes": {
        "-14": "a01dba0298069122361714e25b66d53a829617bb1290bf416999d380a02d8150"
      },
      "lg_data": {
        "inputApplicationName": "sleep",
        "inputApplicationType": "PythonApp",
        "num_of_inputs": "10",
        "gather_axis": "duplication",
        "merkleroot": "a2deee8dbd5f60c76e53a48a630d52c1b5dd3f299ffb5cf045eafe2e53776751"
      },
      "lg_blockhash": "941e6ebb41363a3fa4c7ca3a6758d23959dbf0340613928d1301d65f0d049fd1",
      "pgt_parenthashes": {
        "1_-14_0/0": "00c71836fc206ee359a3f593e9d57644d610a6897680ca841026f2fe4a6b1a18"
      },
      "pgt_data": {
        "type": "app",
        "dt": "PythonApp",
        "merkleroot": "fe7fb331db91dd57ac5a532b1cdd7f9173aeb53bb1d84920539a78b362b8f11b"
      },
      "pgt_blockhash": "95a4979a869d97acfc9001600f8ccb90e174c773fad0700489ae596c11f462b2",
      "pg_parenthashes": {
        "1_-14_0/0": "9bdc0e0957e586ece5e290f4a4d677518b9e884ac4b107de83c7ddbb8b77fad6"
      },
      "pg_data": {
        "merkleroot": null
      },
      "pg_blockhash": "886e0af03ef91e9cdc0b6f4db4b8e87ba7a914b015d68e4328eba88cdd8ce372",
      "rg_data": {
        "status": 2,
        "merkleroot": "689fcf0d74c42200bef177db545adc43c135dfb0d7dc85b166db3af1dcded235"
      },
      "rg_parenthashes": {
        "1_-14_0/0": "6c777658eafd20bf3e4c64d98182747894f065977397ab98090566f7e5af1811"
      },
      "rg_blockhash": "3a00c92703acba81d8726c486dbc7889e926175d4e4e5a80a6c450b3942f734d"
    },
    "inputs": [
      "1_-14_0/0"
    ],
    "node": "127.0.0.1",
    "island": "127.0.0.1"
  },
  "1_-4_0": {
    "oid": "1_-4_0",
    "storage": "File",
    "rank": [
      0
    ],
    "loop_cxt": null,
    "dw": 5,
    "check_filepath_exists": "1",
    "filepath": "/var/dlg_home/leaptest/measure.in",
    "data_volume": "5",
    "group_end": "0",
    "dirname": "",
    "iid": "0",
    "lg_key": -4,
    "dt": "File",
    "nm": "MeasurementSet",
    "reprodata": {
      "rmode": "8",
      "lgt_data": {
        "category_type": "Data",
        "category": "File",
        "numInputPorts": 1,
        "numOutputPorts": 6,
        "streaming": false,
        "merkleroot": "279448e818755c3fdf4806d6bff3c007c9976afd7d3fcc638817d0591cfc838f"
      },
      "lg_parenthashes": {},
      "lg_data": {
        "data_volume": "5",
        "check_filepath_exists": "1",
        "merkleroot": "835dcfae47784746386b3f91cb8ce6f6410fb857a498cee07b3c6477b0546c96"
      },
      "lg_blockhash": "249be6494c78b02320b3740cf4b6eca2ce5eea4e5ce23d8b98dd737f5de36887",
      "pgt_parenthashes": {},
      "pgt_data": {
        "type": "plain",
        "storage": "File",
        "merkleroot": "ac4b69fa6dd5a7a3180d694714490c63e9b34f2a3a706ad80733cd43640160ce"
      },
      "pgt_blockhash": "20e4f57b19a08613bb24a0ccbebb249b481c8e0d96ba27553804ca884196be5b",
      "pg_parenthashes": {},
      "pg_data": {
        "merkleroot": null
      },
      "pg_blockhash": "e6d6491e0a2a60594dd13ee8ee8ac2c746163389177faca1c2631b44c8149ec6",
      "rg_data": {
        "status": 2,
        "data_hash": "a7ffc6f8bf1ed76651c14756a061d662f580ff4de43b49fa82d80a4b80f8434a",
        "merkleroot": "2a1e5ba2658dfb29529479729918edfd64bbdf9c0b50360cd633aecefa834b5f"
      },
      "rg_parenthashes": {},
      "rg_blockhash": "6448fec8bd42842f62d3976323d40dea7e05cb6a1d2bd036536d48963e1019a5"
    },
    "consumers": [
      "1_-2_0/0",
      "1_-3_0/0",
      "1_-23_0",
      "1_-1_0/0"
    ],
    "node": "127.0.0.1",
    "island": "127.0.0.1"
  },
  "1_-18_0": {
    "oid": "1_-18_0",
    "storage": "File",
    "rank": [
      0
    ],
    "loop_cxt": null,
    "dw": 5,
    "check_filepath_exists": "1",
    "filepath": "/var/dlg_home/leaptest/config.json",
    "data_volume": "5",
    "group_end": "0",
    "dirname": "",
    "iid": "0",
    "lg_key": -18,
    "dt": "File",
    "nm": "Config",
    "reprodata": {
      "rmode": "8",
      "lgt_data": {
        "category_type": "Data",
        "category": "File",
        "numInputPorts": 0,
        "numOutputPorts": 1,
        "streaming": false,
        "merkleroot": "79871cc43d0f138821260d1080f7dd058dd6d8c37d848ad427d5ed2fc51aac3c"
      },
      "lg_parenthashes": {},
      "lg_data": {
        "data_volume": "5",
        "check_filepath_exists": "1",
        "merkleroot": "835dcfae47784746386b3f91cb8ce6f6410fb857a498cee07b3c6477b0546c96"
      },
      "lg_blockhash": "83e7f02df19cfe19cc5d6873ceb98300e170fb2a287756f88c5312a859474819",
      "pgt_parenthashes": {},
      "pgt_data": {
        "type": "plain",
        "storage": "File",
        "merkleroot": "ac4b69fa6dd5a7a3180d694714490c63e9b34f2a3a706ad80733cd43640160ce"
      },
      "pgt_blockhash": "15f66e282fa4f67ad2d80fc96c94920d5bad53bdcc3766095ceae6f1f5794732",
      "pg_parenthashes": {},
      "pg_data": {
        "merkleroot": null
      },
      "pg_blockhash": "e54225713312e1a70cc75771a3bdd8baa95268bb3a47e9fcb0b1cd7277706538",
      "rg_data": {
        "status": 2,
        "data_hash": "a7ffc6f8bf1ed76651c14756a061d662f580ff4de43b49fa82d80a4b80f8434a",
        "merkleroot": "2a1e5ba2658dfb29529479729918edfd64bbdf9c0b50360cd633aecefa834b5f"
      },
      "rg_parenthashes": {},
      "rg_blockhash": "9dc0dff2ebd51fe99c179e0586b8cd370ccef271329adcda9065f78275f31613"
    },
    "consumers": [
      "1_-11_0"
    ],
    "node": "127.0.0.1",
    "island": "127.0.0.1"
  },
  "1_-23_0": {
    "oid": "1_-23_0",
    "app": "dlg.apps.simple.SleepApp",
    "rank": [
      0
    ],
    "loop_cxt": null,
    "sleepTime": 5,
    "tw": 5,
    "num_cpus": "1",
    "execution_time": "5",
    "group_start": "0",
    "appclass": "dlg.apps.simple.SleepApp",
    "iid": "0",
    "lg_key": -23,
    "dt": "PythonApp",
    "nm": "Get Cal Sources",
    "reprodata": {
      "rmode": "8",
      "lgt_data": {
        "category_type": "Application",
        "category": "PythonApp",
        "numInputPorts": 2,
        "numOutputPorts": 2,
        "streaming": false,
        "merkleroot": "67bf96b4a71aef4e725e45d74f129aac6ebb568324ce3a9cb636a25334ff9a24"
      },
      "lg_parenthashes": {
        "-4": "249be6494c78b02320b3740cf4b6eca2ce5eea4e5ce23d8b98dd737f5de36887"
      },
      "lg_data": {
        "execution_time": "5",
        "num_cpus": "1",
        "merkleroot": "8428378d44393f8cc1dab46197e950d728a6f3a7f324df8f0e65242d9fa5c5ce"
      },
      "lg_blockhash": "110382eb01d0e64762829289b9964d186e5673049d7bfab93373eb356facdfa8",
      "pgt_parenthashes": {},
      "pgt_data": {
        "type": "app",
        "dt": "PythonApp",
        "merkleroot": "fe7fb331db91dd57ac5a532b1cdd7f9173aeb53bb1d84920539a78b362b8f11b"
      },
      "pgt_blockhash": "c20bbf078dc7c790510f456af476248bf9ae84569e77501e2c512236dcaf5000",
      "pg_parenthashes": {},
      "pg_data": {
        "merkleroot": null
      },
      "pg_blockhash": "fd4b89d6acc82ba9a1e8ab61b3e8b7f62cf21461885ee140b2f8face905ae244",
      "rg_data": {
        "status": 2,
        "merkleroot": "689fcf0d74c42200bef177db545adc43c135dfb0d7dc85b166db3af1dcded235"
      },
      "rg_parenthashes": {},
      "rg_blockhash": "9f89c4f19f087547c257ccbc84654050b6aa6fb99c3ad680124dec5e8532efab"
    },
    "inputs": [
      "1_-4_0"
    ],
    "outputs": [
      "1_-25_0"
    ],
    "node": "127.0.0.1",
    "island": "127.0.0.1"
  },
  "1_-25_0": {
    "oid": "1_-25_0",
    "storage": "Memory",
    "rank": [
      0
    ],
    "loop_cxt": null,
    "dw": 5,
    "data_volume": "5",
    "group_end": "0",
    "iid": "0",
    "lg_key": -25,
    "dt": "Memory",
    "nm": "directionList",
    "reprodata": {
      "rmode": "8",
      "lgt_data": {
        "category_type": "Data",
        "category": "Memory",
        "numInputPorts": 1,
        "numOutputPorts": 1,
        "streaming": false,
        "merkleroot": "c47a10d8081f121ae692f50aa602efdbe2b9f6d6c9e155a41330cde32392f42d"
      },
      "lg_parenthashes": {
        "-23": "110382eb01d0e64762829289b9964d186e5673049d7bfab93373eb356facdfa8"
      },
      "lg_data": {
        "data_volume": "5",
        "merkleroot": "5aa5cea2c967aa3f8492cd996dee79a80a3a16a9bdae6170e5b3c7f9d9671d2e"
      },
      "lg_blockhash": "20285b523a724d486f662c47ab844d592684a29d359928d9cb0b740d794de102",
      "pgt_parenthashes": {},
      "pgt_data": {
        "type": "plain",
        "storage": "Memory",
        "merkleroot": "6ac9192343696189b459fd7e71186ad0ffa3c254d0978db1f8aad8fac3e220ec"
      },
      "pgt_blockhash": "858618d63251eb09e332f5c45df6299cedc435b9c81c5fdcf1441b8f27552899",
      "pg_parenthashes": {},
      "pg_data": {
        "merkleroot": null
      },
      "pg_blockhash": "b7cf428dd3b7bd05b710164c6f14188b8aad5aea523932fd44e84f0c47dd23eb",
      "rg_data": {
        "status": 2,
        "data_hash": "a7ffc6f8bf1ed76651c14756a061d662f580ff4de43b49fa82d80a4b80f8434a",
        "merkleroot": "2a1e5ba2658dfb29529479729918edfd64bbdf9c0b50360cd633aecefa834b5f"
      },
      "rg_parenthashes": {},
      "rg_blockhash": "55187914ad233411a0e34aaa144f95f7d1a199a1ae631d2c61570339c67765b5"
    },
    "producers": [
      "1_-23_0"
    ],
    "consumers": [
      "1_-11_0"
    ],
    "node": "127.0.0.1",
    "island": "127.0.0.1"
  },
  "1_-11_0": {
    "oid": "1_-11_0",
    "app": "dlg.apps.simple.SleepApp",
    "rank": [
      0
    ],
    "loop_cxt": null,
    "sleepTime": 5,
    "tw": 5,
    "num_cpus": 1,
    "iid": "0",
    "lg_key": -11,
    "dt": "PythonApp",
    "nm": "Direction Processing",
    "reprodata": {
      "rmode": "8",
      "lgt_data": {
        "category_type": "Group",
        "category": "Scatter",
        "numInputPorts": 2,
        "numOutputPorts": 0,
        "streaming": false,
        "merkleroot": "ea0a5b94b344fff37913ff6d62e5917db2338fc122d98336f9a9188557728eb3"
      },
      "lg_parenthashes": {
        "-18": "83e7f02df19cfe19cc5d6873ceb98300e170fb2a287756f88c5312a859474819",
        "-25": "20285b523a724d486f662c47ab844d592684a29d359928d9cb0b740d794de102"
      },
      "lg_data": {
        "inputApplicationName": "Distribute Config",
        "inputApplicationType": "PythonApp",
        "num_of_copies": "1",
        "scatter_axis": "duplication",
        "merkleroot": "46628851d72a821adcf0c67b7bba04a8511e7019b7a34bfd29592466737b9cd2"
      },
      "lg_blockhash": "97d3b62c77ce73a6dc03d0da3c61155e86d03cd75f7f9da1fe33b7229a565431",
      "pgt_parenthashes": {},
      "pgt_data": {
        "type": "app",
        "dt": "PythonApp",
        "merkleroot": "fe7fb331db91dd57ac5a532b1cdd7f9173aeb53bb1d84920539a78b362b8f11b"
      },
      "pgt_blockhash": "01401bf68d5a83226bdc1b371e5a88270193397b656330ada34fa7e6ac625e85",
      "pg_parenthashes": {},
      "pg_data": {
        "merkleroot": null
      },
      "pg_blockhash": "91dd04bf581b2113d4b9231f08e359b9eb852193b3382a760ee6feabbd9b6cce",
      "rg_data": {
        "status": 2,
        "merkleroot": "689fcf0d74c42200bef177db545adc43c135dfb0d7dc85b166db3af1dcded235"
      },
      "rg_parenthashes": {},
      "rg_blockhash": "a8096fbfb9d97587805f195076c5ab65aeb61d78b3dc4e5314263413a2a54a79"
    },
    "inputs": [
      "1_-18_0",
      "1_-25_0"
    ],
    "node": "127.0.0.1",
    "island": "127.0.0.1"
  },
  "reprodata": {
    "rmode": "8",
    "meta_data": {
      "repro_protocol": 0.1,
      "hashing_alg": "_sha3.sha3_256"
    },
    "merkleroot": "08ef271a520aec97cea2fdec454dbb971e711d28def30c356549964ee364ca16",
    "signature": "2c080ccbc07d43901bdf138079635024121bbb6a44fdc1d89e71ae2020cf3f0a"
  }
}